info it worked if it ends with ok
verbose cli [ '/usr/bin/nodejs',
verbose cli   '/usr/bin/npm',
verbose cli   'install',
verbose cli   'jquery.validate' ]
info using npm@1.1.4
info using node@v0.6.19
verbose config file /home/sveta/.npmrc
verbose config file /usr/etc/npmrc
verbose config file /usr/share/npm/npmrc
verbose caching /home/sveta/GitHub/freezing-ninja/package.json
verbose loadDefaults application-name@0.0.1
verbose from cache /home/sveta/GitHub/freezing-ninja/package.json
verbose readDependencies: using package.json deps
verbose cache add [ 'jquery.validate', null ]
silly cache add: name, spec, args [ undefined, 'jquery.validate', [ 'jquery.validate', null ] ]
verbose parsed url { pathname: 'jquery.validate',
verbose parsed url   path: 'jquery.validate',
verbose parsed url   href: 'jquery.validate' }
verbose addNamed [ 'jquery.validate', '' ]
verbose addNamed [ null, '' ]
silly name, range, hasData [ 'jquery.validate', '', false ]
verbose raw, before any munging jquery.validate
verbose url resolving [ 'https://registry.npmjs.org/', './jquery.validate' ]
verbose url resolved https://registry.npmjs.org/jquery.validate
http GET https://registry.npmjs.org/jquery.validate
http 404 https://registry.npmjs.org/jquery.validate
silly get cb [ 404,
silly get cb   { server: 'CouchDB/1.2.1 (Erlang OTP/R15B03)',
silly get cb     date: 'Wed, 27 Mar 2013 13:43:16 GMT',
silly get cb     'content-type': 'application/json',
silly get cb     'content-length': '52',
silly get cb     'cache-control': 'must-revalidate' } ]
ERR! 404 'jquery.validate' is not in the npm registry.
ERR! 404 You should bug the author to publish it
ERR! 404 Note that you can also install from a
ERR! 404 tarball, folder, or http url, or git url.
ERR! 
ERR! System Linux 3.5.0-17-generic
ERR! command "/usr/bin/nodejs" "/usr/bin/npm" "install" "jquery.validate"
ERR! cwd /home/sveta/GitHub/freezing-ninja
ERR! node -v v0.6.19
ERR! npm -v 1.1.4
ERR! code E404
ERR! message 404 Not Found: jquery.validate
ERR! errno {}
verbose exit [ 1, true ]
